<?xml version="1.0" encoding="UTF-8"?>
<testng-results skipped="0" failed="4" total="245" passed="241">
  <reporter-output>
  </reporter-output>
  <suite name="Ant suite" duration-ms="1050" started-at="2012-08-21T14:42:28Z" finished-at="2012-08-21T14:42:29Z">
    <groups>
    </groups>
    <test name="Ant test" duration-ms="1050" started-at="2012-08-21T14:42:28Z" finished-at="2012-08-21T14:42:29Z">
      <class name="org.softlang.model.Department_JML_Test">
        <test-method status="PASS" signature="test_racEnabled()[pri:0, instance:org.softlang.model.Department_JML_Test@616ac126]" name="test_racEnabled" duration-ms="12" started-at="2012-08-21T11:42:28Z" finished-at="2012-08-21T11:42:28Z">
          <reporter-output>
          </reporter-output>
        </test-method> <!-- test_racEnabled -->
        <test-method status="PASS" signature="test_Department__0()[pri:0, instance:org.softlang.model.Department_JML_Test@616ac126]" name="test_Department__0" duration-ms="1" started-at="2012-08-21T11:42:28Z" depends-on-methods="org.softlang.model.Department_JML_Test.test_racEnabled" finished-at="2012-08-21T11:42:28Z">
          <reporter-output>
          </reporter-output>
        </test-method> <!-- test_Department__0 -->
        <test-method status="PASS" signature="test_Department__String_pname__Employee_pmanager__29(java.lang.String, org.softlang.model.Employee)[pri:0, instance:org.softlang.model.Department_JML_Test@616ac126]" name="test_Department__String_pname__Employee_pmanager__29" duration-ms="1" started-at="2012-08-21T11:42:28Z" data-provider="p_Department__String_pname__Employee_pmanager__29" depends-on-methods="org.softlang.model.Department_JML_Test.test_racEnabled" finished-at="2012-08-21T11:42:28Z">
          <params>
            <param index="0">
              <value is-null="true"/>
            </param>
            <param index="1">
              <value is-null="true"/>
            </param>
          </params>
          <reporter-output>
          </reporter-output>
        </test-method> <!-- test_Department__String_pname__Employee_pmanager__29 -->
        <test-method status="PASS" signature="test_Department__String_pname__Employee_pmanager__29(java.lang.String, org.softlang.model.Employee)[pri:0, instance:org.softlang.model.Department_JML_Test@616ac126]" name="test_Department__String_pname__Employee_pmanager__29" duration-ms="1" started-at="2012-08-21T11:42:28Z" data-provider="p_Department__String_pname__Employee_pmanager__29" depends-on-methods="org.softlang.model.Department_JML_Test.test_racEnabled" finished-at="2012-08-21T11:42:28Z">
          <params>
            <param index="0">
              <value>
                <![CDATA[]]>
              </value>
            </param>
            <param index="1">
              <value is-null="true"/>
            </param>
          </params>
          <reporter-output>
          </reporter-output>
        </test-method> <!-- test_Department__String_pname__Employee_pmanager__29 -->
        <test-method status="PASS" signature="test_Department__String_pname__Employee_pmanager__29(java.lang.String, org.softlang.model.Employee)[pri:0, instance:org.softlang.model.Department_JML_Test@616ac126]" name="test_Department__String_pname__Employee_pmanager__29" duration-ms="1" started-at="2012-08-21T11:42:28Z" data-provider="p_Department__String_pname__Employee_pmanager__29" depends-on-methods="org.softlang.model.Department_JML_Test.test_racEnabled" finished-at="2012-08-21T11:42:28Z">
          <params>
            <param index="0">
              <value is-null="true"/>
            </param>
            <param index="1">
              <value>
                <![CDATA[org.softlang.model.Employee@11ec4639]]>
              </value>
            </param>
          </params>
          <reporter-output>
          </reporter-output>
        </test-method> <!-- test_Department__String_pname__Employee_pmanager__29 -->
        <test-method status="PASS" signature="test_Department__String_pname__Employee_pmanager__29(java.lang.String, org.softlang.model.Employee)[pri:0, instance:org.softlang.model.Department_JML_Test@616ac126]" name="test_Department__String_pname__Employee_pmanager__29" duration-ms="1" started-at="2012-08-21T11:42:28Z" data-provider="p_Department__String_pname__Employee_pmanager__29" depends-on-methods="org.softlang.model.Department_JML_Test.test_racEnabled" finished-at="2012-08-21T11:42:28Z">
          <params>
            <param index="0">
              <value>
                <![CDATA[]]>
              </value>
            </param>
            <param index="1">
              <value>
                <![CDATA[org.softlang.model.Employee@2d588db6]]>
              </value>
            </param>
          </params>
          <reporter-output>
          </reporter-output>
        </test-method> <!-- test_Department__String_pname__Employee_pmanager__29 -->
        <test-method status="PASS" signature="test_addDept__Department_department__19(org.softlang.model.Department, org.softlang.model.Department)[pri:0, instance:org.softlang.model.Department_JML_Test@616ac126]" name="test_addDept__Department_department__19" duration-ms="1" started-at="2012-08-21T11:42:28Z" data-provider="p_addDept__Department_department__19" depends-on-methods="org.softlang.model.Department_JML_Test.test_racEnabled" finished-at="2012-08-21T11:42:28Z">
          <params>
            <param index="0">
              <value>
                <![CDATA[org.softlang.model.Department@6c02a444]]>
              </value>
            </param>
            <param index="1">
              <value is-null="true"/>
            </param>
          </params>
          <reporter-output>
          </reporter-output>
        </test-method> <!-- test_addDept__Department_department__19 -->
        <test-method status="PASS" signature="test_addDept__Department_department__19(org.softlang.model.Department, org.softlang.model.Department)[pri:0, instance:org.softlang.model.Department_JML_Test@616ac126]" name="test_addDept__Department_department__19" duration-ms="1" started-at="2012-08-21T11:42:28Z" data-provider="p_addDept__Department_department__19" depends-on-methods="org.softlang.model.Department_JML_Test.test_racEnabled" finished-at="2012-08-21T11:42:28Z">
          <params>
            <param index="0">
              <value>
                <![CDATA[org.softlang.model.Department@66c126b3]]>
              </value>
            </param>
            <param index="1">
              <value is-null="true"/>
            </param>
          </params>
          <reporter-output>
          </reporter-output>
        </test-method> <!-- test_addDept__Department_department__19 -->
        <test-method status="PASS" signature="test_addDept__Department_department__19(org.softlang.model.Department, org.softlang.model.Department)[pri:0, instance:org.softlang.model.Department_JML_Test@616ac126]" name="test_addDept__Department_department__19" duration-ms="1" started-at="2012-08-21T11:42:28Z" data-provider="p_addDept__Department_department__19" depends-on-methods="org.softlang.model.Department_JML_Test.test_racEnabled" finished-at="2012-08-21T11:42:28Z">
          <params>
            <param index="0">
              <value>
                <![CDATA[org.softlang.model.Department@33099cc]]>
              </value>
            </param>
            <param index="1">
              <value is-null="true"/>
            </param>
          </params>
          <reporter-output>
          </reporter-output>
        </test-method> <!-- test_addDept__Department_department__19 -->
        <test-method status="PASS" signature="test_addDept__Department_department__19(org.softlang.model.Department, org.softlang.model.Department)[pri:0, instance:org.softlang.model.Department_JML_Test@616ac126]" name="test_addDept__Department_department__19" duration-ms="1" started-at="2012-08-21T11:42:28Z" data-provider="p_addDept__Department_department__19" depends-on-methods="org.softlang.model.Department_JML_Test.test_racEnabled" finished-at="2012-08-21T11:42:28Z">
          <params>
            <param index="0">
              <value>
                <![CDATA[org.softlang.model.Department@43e1542f]]>
              </value>
            </param>
            <param index="1">
              <value is-null="true"/>
            </param>
          </params>
          <reporter-output>
          </reporter-output>
        </test-method> <!-- test_addDept__Department_department__19 -->
        <test-method status="PASS" signature="test_addDept__Department_department__19(org.softlang.model.Department, org.softlang.model.Department)[pri:0, instance:org.softlang.model.Department_JML_Test@616ac126]" name="test_addDept__Department_department__19" duration-ms="1" started-at="2012-08-21T11:42:28Z" data-provider="p_addDept__Department_department__19" depends-on-methods="org.softlang.model.Department_JML_Test.test_racEnabled" finished-at="2012-08-21T11:42:28Z">
          <params>
            <param index="0">
              <value>
                <![CDATA[org.softlang.model.Department@4c6aacbf]]>
              </value>
            </param>
            <param index="1">
              <value is-null="true"/>
            </param>
          </params>
          <reporter-output>
          </reporter-output>
        </test-method> <!-- test_addDept__Department_department__19 -->
        <test-method status="PASS" signature="test_addDept__Department_department__19(org.softlang.model.Department, org.softlang.model.Department)[pri:0, instance:org.softlang.model.Department_JML_Test@616ac126]" name="test_addDept__Department_department__19" duration-ms="1" started-at="2012-08-21T11:42:28Z" data-provider="p_addDept__Department_department__19" depends-on-methods="org.softlang.model.Department_JML_Test.test_racEnabled" finished-at="2012-08-21T11:42:28Z">
          <params>
            <param index="0">
              <value>
                <![CDATA[org.softlang.model.Department@7d4720ef]]>
              </value>
            </param>
            <param index="1">
              <value>
                <![CDATA[org.softlang.model.Department@48c36b2a]]>
              </value>
            </param>
          </params>
          <reporter-output>
          </reporter-output>
        </test-method> <!-- test_addDept__Department_department__19 -->
        <test-method status="PASS" signature="test_addDept__Department_department__19(org.softlang.model.Department, org.softlang.model.Department)[pri:0, instance:org.softlang.model.Department_JML_Test@616ac126]" name="test_addDept__Department_department__19" duration-ms="1" started-at="2012-08-21T11:42:28Z" data-provider="p_addDept__Department_department__19" depends-on-methods="org.softlang.model.Department_JML_Test.test_racEnabled" finished-at="2012-08-21T11:42:28Z">
          <params>
            <param index="0">
              <value>
                <![CDATA[org.softlang.model.Department@4ed9c28]]>
              </value>
            </param>
            <param index="1">
              <value>
                <![CDATA[org.softlang.model.Department@ba7089f]]>
              </value>
            </param>
          </params>
          <reporter-output>
          </reporter-output>
        </test-method> <!-- test_addDept__Department_department__19 -->
        <test-method status="PASS" signature="test_addDept__Department_department__19(org.softlang.model.Department, org.softlang.model.Department)[pri:0, instance:org.softlang.model.Department_JML_Test@616ac126]" name="test_addDept__Department_department__19" duration-ms="1" started-at="2012-08-21T11:42:28Z" data-provider="p_addDept__Department_department__19" depends-on-methods="org.softlang.model.Department_JML_Test.test_racEnabled" finished-at="2012-08-21T11:42:28Z">
          <params>
            <param index="0">
              <value>
                <![CDATA[org.softlang.model.Department@76a58562]]>
              </value>
            </param>
            <param index="1">
              <value>
                <![CDATA[org.softlang.model.Department@6cd821c8]]>
              </value>
            </param>
          </params>
          <reporter-output>
          </reporter-output>
        </test-method> <!-- test_addDept__Department_department__19 -->
        <test-method status="PASS" signature="test_addDept__Department_department__19(org.softlang.model.Department, org.softlang.model.Department)[pri:0, instance:org.softlang.model.Department_JML_Test@616ac126]" name="test_addDept__Department_department__19" duration-ms="1" started-at="2012-08-21T11:42:28Z" data-provider="p_addDept__Department_department__19" depends-on-methods="org.softlang.model.Department_JML_Test.test_racEnabled" finished-at="2012-08-21T11:42:28Z">
          <params>
            <param index="0">
              <value>
                <![CDATA[org.softlang.model.Department@3aa04cf8]]>
              </value>
            </param>
            <param index="1">
              <value>
                <![CDATA[org.softlang.model.Department@721d4bd9]]>
              </value>
            </param>
          </params>
          <reporter-output>
          </reporter-output>
        </test-method> <!-- test_addDept__Department_department__19 -->
        <test-method status="PASS" signature="test_addDept__Department_department__19(org.softlang.model.Department, org.softlang.model.Department)[pri:0, instance:org.softlang.model.Department_JML_Test@616ac126]" name="test_addDept__Department_department__19" duration-ms="4" started-at="2012-08-21T11:42:28Z" data-provider="p_addDept__Department_department__19" depends-on-methods="org.softlang.model.Department_JML_Test.test_racEnabled" finished-at="2012-08-21T11:42:28Z">
          <params>
            <param index="0">
              <value>
                <![CDATA[org.softlang.model.Department@172c384b]]>
              </value>
            </param>
            <param index="1">
              <value>
                <![CDATA[org.softlang.model.Department@5823cfcf]]>
              </value>
            </param>
          </params>
          <reporter-output>
          </reporter-output>
        </test-method> <!-- test_addDept__Department_department__19 -->
        <test-method status="PASS" signature="test_addEmployee__Employee_employee__19(org.softlang.model.Department, org.softlang.model.Employee)[pri:0, instance:org.softlang.model.Department_JML_Test@616ac126]" name="test_addEmployee__Employee_employee__19" duration-ms="1" started-at="2012-08-21T11:42:28Z" data-provider="p_addEmployee__Employee_employee__19" depends-on-methods="org.softlang.model.Department_JML_Test.test_racEnabled" finished-at="2012-08-21T11:42:28Z">
          <params>
            <param index="0">
              <value>
                <![CDATA[org.softlang.model.Department@358c908b]]>
              </value>
            </param>
            <param index="1">
              <value is-null="true"/>
            </param>
          </params>
          <reporter-output>
          </reporter-output>
        </test-method> <!-- test_addEmployee__Employee_employee__19 -->
        <test-method status="PASS" signature="test_addEmployee__Employee_employee__19(org.softlang.model.Department, org.softlang.model.Employee)[pri:0, instance:org.softlang.model.Department_JML_Test@616ac126]" name="test_addEmployee__Employee_employee__19" duration-ms="1" started-at="2012-08-21T11:42:28Z" data-provider="p_addEmployee__Employee_employee__19" depends-on-methods="org.softlang.model.Department_JML_Test.test_racEnabled" finished-at="2012-08-21T11:42:28Z">
          <params>
            <param index="0">
              <value>
                <![CDATA[org.softlang.model.Department@4d50c296]]>
              </value>
            </param>
            <param index="1">
              <value is-null="true"/>
            </param>
          </params>
          <reporter-output>
          </reporter-output>
        </test-method> <!-- test_addEmployee__Employee_employee__19 -->
        <test-method status="PASS" signature="test_addEmployee__Employee_employee__19(org.softlang.model.Department, org.softlang.model.Employee)[pri:0, instance:org.softlang.model.Department_JML_Test@616ac126]" name="test_addEmployee__Employee_employee__19" duration-ms="1" started-at="2012-08-21T11:42:28Z" data-provider="p_addEmployee__Employee_employee__19" depends-on-methods="org.softlang.model.Department_JML_Test.test_racEnabled" finished-at="2012-08-21T11:42:28Z">
          <params>
            <param index="0">
              <value>
                <![CDATA[org.softlang.model.Department@28acaa28]]>
              </value>
            </param>
            <param index="1">
              <value is-null="true"/>
            </param>
          </params>
          <reporter-output>
          </reporter-output>
        </test-method> <!-- test_addEmployee__Employee_employee__19 -->
        <test-method status="PASS" signature="test_addEmployee__Employee_employee__19(org.softlang.model.Department, org.softlang.model.Employee)[pri:0, instance:org.softlang.model.Department_JML_Test@616ac126]" name="test_addEmployee__Employee_employee__19" duration-ms="1" started-at="2012-08-21T11:42:28Z" data-provider="p_addEmployee__Employee_employee__19" depends-on-methods="org.softlang.model.Department_JML_Test.test_racEnabled" finished-at="2012-08-21T11:42:28Z">
          <params>
            <param index="0">
              <value>
                <![CDATA[org.softlang.model.Department@2be2e854]]>
              </value>
            </param>
            <param index="1">
              <value is-null="true"/>
            </param>
          </params>
          <reporter-output>
          </reporter-output>
        </test-method> <!-- test_addEmployee__Employee_employee__19 -->
        <test-method status="PASS" signature="test_addEmployee__Employee_employee__19(org.softlang.model.Department, org.softlang.model.Employee)[pri:0, instance:org.softlang.model.Department_JML_Test@616ac126]" name="test_addEmployee__Employee_employee__19" duration-ms="1" started-at="2012-08-21T11:42:28Z" data-provider="p_addEmployee__Employee_employee__19" depends-on-methods="org.softlang.model.Department_JML_Test.test_racEnabled" finished-at="2012-08-21T11:42:28Z">
          <params>
            <param index="0">
              <value>
                <![CDATA[org.softlang.model.Department@353d8fb0]]>
              </value>
            </param>
            <param index="1">
              <value is-null="true"/>
            </param>
          </params>
          <reporter-output>
          </reporter-output>
        </test-method> <!-- test_addEmployee__Employee_employee__19 -->
        <test-method status="PASS" signature="test_addEmployee__Employee_employee__19(org.softlang.model.Department, org.softlang.model.Employee)[pri:0, instance:org.softlang.model.Department_JML_Test@616ac126]" name="test_addEmployee__Employee_employee__19" duration-ms="0" started-at="2012-08-21T11:42:28Z" data-provider="p_addEmployee__Employee_employee__19" depends-on-methods="org.softlang.model.Department_JML_Test.test_racEnabled" finished-at="2012-08-21T11:42:28Z">
          <params>
            <param index="0">
              <value>
                <![CDATA[org.softlang.model.Department@35a2f216]]>
              </value>
            </param>
            <param index="1">
              <value>
                <![CDATA[org.softlang.model.Employee@5cc39ddc]]>
              </value>
            </param>
          </params>
          <reporter-output>
          </reporter-output>
        </test-method> <!-- test_addEmployee__Employee_employee__19 -->
        <test-method status="PASS" signature="test_addEmployee__Employee_employee__19(org.softlang.model.Department, org.softlang.model.Employee)[pri:0, instance:org.softlang.model.Department_JML_Test@616ac126]" name="test_addEmployee__Employee_employee__19" duration-ms="1" started-at="2012-08-21T11:42:28Z" data-provider="p_addEmployee__Employee_employee__19" depends-on-methods="org.softlang.model.Department_JML_Test.test_racEnabled" finished-at="2012-08-21T11:42:28Z">
          <params>
            <param index="0">
              <value>
                <![CDATA[org.softlang.model.Department@6807299a]]>
              </value>
            </param>
            <param index="1">
              <value>
                <![CDATA[org.softlang.model.Employee@2e3c72d1]]>
              </value>
            </param>
          </params>
          <reporter-output>
          </reporter-output>
        </test-method> <!-- test_addEmployee__Employee_employee__19 -->
        <test-method status="PASS" signature="test_addEmployee__Employee_employee__19(org.softlang.model.Department, org.softlang.model.Employee)[pri:0, instance:org.softlang.model.Department_JML_Test@616ac126]" name="test_addEmployee__Employee_employee__19" duration-ms="1" started-at="2012-08-21T11:42:28Z" data-provider="p_addEmployee__Employee_employee__19" depends-on-methods="org.softlang.model.Department_JML_Test.test_racEnabled" finished-at="2012-08-21T11:42:28Z">
          <params>
            <param index="0">
              <value>
                <![CDATA[org.softlang.model.Department@49b66175]]>
              </value>
            </param>
            <param index="1">
              <value>
                <![CDATA[org.softlang.model.Employee@64b86e21]]>
              </value>
            </param>
          </params>
          <reporter-output>
          </reporter-output>
        </test-method> <!-- test_addEmployee__Employee_employee__19 -->
        <test-method status="PASS" signature="test_addEmployee__Employee_employee__19(org.softlang.model.Department, org.softlang.model.Employee)[pri:0, instance:org.softlang.model.Department_JML_Test@616ac126]" name="test_addEmployee__Employee_employee__19" duration-ms="0" started-at="2012-08-21T11:42:28Z" data-provider="p_addEmployee__Employee_employee__19" depends-on-methods="org.softlang.model.Department_JML_Test.test_racEnabled" finished-at="2012-08-21T11:42:28Z">
          <params>
            <param index="0">
              <value>
                <![CDATA[org.softlang.model.Department@4768c78e]]>
              </value>
            </param>
            <param index="1">
              <value>
                <![CDATA[org.softlang.model.Employee@30056042]]>
              </value>
            </param>
          </params>
          <reporter-output>
          </reporter-output>
        </test-method> <!-- test_addEmployee__Employee_employee__19 -->
        <test-method status="PASS" signature="test_addEmployee__Employee_employee__19(org.softlang.model.Department, org.softlang.model.Employee)[pri:0, instance:org.softlang.model.Department_JML_Test@616ac126]" name="test_addEmployee__Employee_employee__19" duration-ms="1" started-at="2012-08-21T11:42:28Z" data-provider="p_addEmployee__Employee_employee__19" depends-on-methods="org.softlang.model.Department_JML_Test.test_racEnabled" finished-at="2012-08-21T11:42:28Z">
          <params>
            <param index="0">
              <value>
                <![CDATA[org.softlang.model.Department@3a153e9c]]>
              </value>
            </param>
            <param index="1">
              <value>
                <![CDATA[org.softlang.model.Employee@48c1918e]]>
              </value>
            </param>
          </params>
          <reporter-output>
          </reporter-output>
        </test-method> <!-- test_addEmployee__Employee_employee__19 -->
        <test-method status="PASS" signature="test_cut__0(org.softlang.model.Department)[pri:0, instance:org.softlang.model.Department_JML_Test@616ac126]" name="test_cut__0" duration-ms="3" started-at="2012-08-21T11:42:28Z" data-provider="p_instance_only" depends-on-methods="org.softlang.model.Department_JML_Test.test_racEnabled" finished-at="2012-08-21T11:42:28Z">
          <params>
            <param index="0">
              <value>
                <![CDATA[org.softlang.model.Department@6f7a29ff]]>
              </value>
            </param>
          </params>
          <reporter-output>
          </reporter-output>
        </test-method> <!-- test_cut__0 -->
        <test-method status="FAIL" signature="test_cut__0(org.softlang.model.Department)[pri:0, instance:org.softlang.model.Department_JML_Test@616ac126]" name="test_cut__0" duration-ms="2" started-at="2012-08-21T11:42:28Z" data-provider="p_instance_only" depends-on-methods="org.softlang.model.Department_JML_Test.test_racEnabled" finished-at="2012-08-21T11:42:28Z">
          <params>
            <param index="0">
              <value>
                <![CDATA[org.softlang.model.Department@395927e2]]>
              </value>
            </param>
          </params>
          <exception class="org.testng.TestException">
            <message>
              <![CDATA[
null]]>
            </message>
            <full-stacktrace>
              <![CDATA[org.testng.TestException: 
null
	at org.softlang.model.Department_JML_Test.test_cut__0(Department_JML_Test.java:495)
	at sun.reflect.NativeMethodAccessorImpl.invoke0(Native Method)
	at sun.reflect.NativeMethodAccessorImpl.invoke(NativeMethodAccessorImpl.java:57)
	at sun.reflect.DelegatingMethodAccessorImpl.invoke(DelegatingMethodAccessorImpl.java:43)
	at java.lang.reflect.Method.invoke(Method.java:601)
	at org.testng.internal.MethodInvocationHelper.invokeMethod(MethodInvocationHelper.java:80)
	at org.testng.internal.Invoker.invokeMethod(Invoker.java:715)
	at org.testng.internal.Invoker.invokeTestMethod(Invoker.java:907)
	at org.testng.internal.Invoker.invokeTestMethods(Invoker.java:1237)
	at org.testng.internal.TestMethodWorker.invokeTestMethods(TestMethodWorker.java:127)
	at org.testng.internal.TestMethodWorker.run(TestMethodWorker.java:111)
	at org.testng.TestRunner.privateRun(TestRunner.java:767)
	at org.testng.TestRunner.run(TestRunner.java:617)
	at org.testng.SuiteRunner.runTest(SuiteRunner.java:334)
	at org.testng.SuiteRunner.runSequentially(SuiteRunner.java:329)
	at org.testng.SuiteRunner.privateRun(SuiteRunner.java:291)
	at org.testng.SuiteRunner.run(SuiteRunner.java:240)
	at org.testng.SuiteRunnerWorker.runSuite(SuiteRunnerWorker.java:51)
	at org.testng.SuiteRunnerWorker.run(SuiteRunnerWorker.java:85)
	at org.testng.TestNG.runSuitesSequentially(TestNG.java:1197)
	at org.testng.TestNG.runSuitesLocally(TestNG.java:1122)
	at org.testng.TestNG.run(TestNG.java:1030)
	at org.testng.TestNG.privateMain(TestNG.java:1337)
	at org.testng.TestNG.main(TestNG.java:1306)
]]>
            </full-stacktrace>
          </exception> <!-- org.testng.TestException -->
          <reporter-output>
          </reporter-output>
        </test-method> <!-- test_cut__0 -->
        <test-method status="FAIL" signature="test_cut__0(org.softlang.model.Department)[pri:0, instance:org.softlang.model.Department_JML_Test@616ac126]" name="test_cut__0" duration-ms="1" started-at="2012-08-21T11:42:28Z" data-provider="p_instance_only" depends-on-methods="org.softlang.model.Department_JML_Test.test_racEnabled" finished-at="2012-08-21T11:42:28Z">
          <params>
            <param index="0">
              <value>
                <![CDATA[org.softlang.model.Department@6e7badec]]>
              </value>
            </param>
          </params>
          <exception class="org.testng.TestException">
            <message>
              <![CDATA[
null]]>
            </message>
            <full-stacktrace>
              <![CDATA[org.testng.TestException: 
null
	at org.softlang.model.Department_JML_Test.test_cut__0(Department_JML_Test.java:495)
	at sun.reflect.NativeMethodAccessorImpl.invoke0(Native Method)
	at sun.reflect.NativeMethodAccessorImpl.invoke(NativeMethodAccessorImpl.java:57)
	at sun.reflect.DelegatingMethodAccessorImpl.invoke(DelegatingMethodAccessorImpl.java:43)
	at java.lang.reflect.Method.invoke(Method.java:601)
	at org.testng.internal.MethodInvocationHelper.invokeMethod(MethodInvocationHelper.java:80)
	at org.testng.internal.Invoker.invokeMethod(Invoker.java:715)
	at org.testng.internal.Invoker.invokeTestMethod(Invoker.java:907)
	at org.testng.internal.Invoker.invokeTestMethods(Invoker.java:1237)
	at org.testng.internal.TestMethodWorker.invokeTestMethods(TestMethodWorker.java:127)
	at org.testng.internal.TestMethodWorker.run(TestMethodWorker.java:111)
	at org.testng.TestRunner.privateRun(TestRunner.java:767)
	at org.testng.TestRunner.run(TestRunner.java:617)
	at org.testng.SuiteRunner.runTest(SuiteRunner.java:334)
	at org.testng.SuiteRunner.runSequentially(SuiteRunner.java:329)
	at org.testng.SuiteRunner.privateRun(SuiteRunner.java:291)
	at org.testng.SuiteRunner.run(SuiteRunner.java:240)
	at org.testng.SuiteRunnerWorker.runSuite(SuiteRunnerWorker.java:51)
	at org.testng.SuiteRunnerWorker.run(SuiteRunnerWorker.java:85)
	at org.testng.TestNG.runSuitesSequentially(TestNG.java:1197)
	at org.testng.TestNG.runSuitesLocally(TestNG.java:1122)
	at org.testng.TestNG.run(TestNG.java:1030)
	at org.testng.TestNG.privateMain(TestNG.java:1337)
	at org.testng.TestNG.main(TestNG.java:1306)
]]>
            </full-stacktrace>
          </exception> <!-- org.testng.TestException -->
          <reporter-output>
          </reporter-output>
        </test-method> <!-- test_cut__0 -->
        <test-method status="PASS" signature="test_cut__0(org.softlang.model.Department)[pri:0, instance:org.softlang.model.Department_JML_Test@616ac126]" name="test_cut__0" duration-ms="1" started-at="2012-08-21T11:42:28Z" data-provider="p_instance_only" depends-on-methods="org.softlang.model.Department_JML_Test.test_racEnabled" finished-at="2012-08-21T11:42:28Z">
          <params>
            <param index="0">
              <value>
                <![CDATA[org.softlang.model.Department@66e04981]]>
              </value>
            </param>
          </params>
          <reporter-output>
          </reporter-output>
        </test-method> <!-- test_cut__0 -->
        <test-method status="PASS" signature="test_cut__0(org.softlang.model.Department)[pri:0, instance:org.softlang.model.Department_JML_Test@616ac126]" name="test_cut__0" duration-ms="2" started-at="2012-08-21T11:42:28Z" data-provider="p_instance_only" depends-on-methods="org.softlang.model.Department_JML_Test.test_racEnabled" finished-at="2012-08-21T11:42:28Z">
          <params>
            <param index="0">
              <value>
                <![CDATA[org.softlang.model.Department@45a23f67]]>
              </value>
            </param>
          </params>
          <reporter-output>
          </reporter-output>
        </test-method> <!-- test_cut__0 -->
        <test-method status="PASS" signature="test_getEmployees__0(org.softlang.model.Department)[pri:0, instance:org.softlang.model.Department_JML_Test@616ac126]" name="test_getEmployees__0" duration-ms="1" started-at="2012-08-21T11:42:28Z" data-provider="p_instance_only" depends-on-methods="org.softlang.model.Department_JML_Test.test_racEnabled" finished-at="2012-08-21T11:42:28Z">
          <params>
            <param index="0">
              <value>
                <![CDATA[org.softlang.model.Department@515a3dac]]>
              </value>
            </param>
          </params>
          <reporter-output>
          </reporter-output>
        </test-method> <!-- test_getEmployees__0 -->
        <test-method status="PASS" signature="test_getEmployees__0(org.softlang.model.Department)[pri:0, instance:org.softlang.model.Department_JML_Test@616ac126]" name="test_getEmployees__0" duration-ms="1" started-at="2012-08-21T11:42:28Z" data-provider="p_instance_only" depends-on-methods="org.softlang.model.Department_JML_Test.test_racEnabled" finished-at="2012-08-21T11:42:28Z">
          <params>
            <param index="0">
              <value>
                <![CDATA[org.softlang.model.Department@606876f6]]>
              </value>
            </param>
          </params>
          <reporter-output>
          </reporter-output>
        </test-method> <!-- test_getEmployees__0 -->
        <test-method status="PASS" signature="test_getEmployees__0(org.softlang.model.Department)[pri:0, instance:org.softlang.model.Department_JML_Test@616ac126]" name="test_getEmployees__0" duration-ms="0" started-at="2012-08-21T11:42:28Z" data-provider="p_instance_only" depends-on-methods="org.softlang.model.Department_JML_Test.test_racEnabled" finished-at="2012-08-21T11:42:28Z">
          <params>
            <param index="0">
              <value>
                <![CDATA[org.softlang.model.Department@4b9e2380]]>
              </value>
            </param>
          </params>
          <reporter-output>
          </reporter-output>
        </test-method> <!-- test_getEmployees__0 -->
        <test-method status="PASS" signature="test_getEmployees__0(org.softlang.model.Department)[pri:0, instance:org.softlang.model.Department_JML_Test@616ac126]" name="test_getEmployees__0" duration-ms="1" started-at="2012-08-21T11:42:28Z" data-provider="p_instance_only" depends-on-methods="org.softlang.model.Department_JML_Test.test_racEnabled" finished-at="2012-08-21T11:42:28Z">
          <params>
            <param index="0">
              <value>
                <![CDATA[org.softlang.model.Department@3adcbf25]]>
              </value>
            </param>
          </params>
          <reporter-output>
          </reporter-output>
        </test-method> <!-- test_getEmployees__0 -->
        <test-method status="PASS" signature="test_getEmployees__0(org.softlang.model.Department)[pri:0, instance:org.softlang.model.Department_JML_Test@616ac126]" name="test_getEmployees__0" duration-ms="1" started-at="2012-08-21T11:42:28Z" data-provider="p_instance_only" depends-on-methods="org.softlang.model.Department_JML_Test.test_racEnabled" finished-at="2012-08-21T11:42:28Z">
          <params>
            <param index="0">
              <value>
                <![CDATA[org.softlang.model.Department@dca6fe4]]>
              </value>
            </param>
          </params>
          <reporter-output>
          </reporter-output>
        </test-method> <!-- test_getEmployees__0 -->
        <test-method status="PASS" signature="test_getManager__0(org.softlang.model.Department)[pri:0, instance:org.softlang.model.Department_JML_Test@616ac126]" name="test_getManager__0" duration-ms="1" started-at="2012-08-21T11:42:28Z" data-provider="p_instance_only" depends-on-methods="org.softlang.model.Department_JML_Test.test_racEnabled" finished-at="2012-08-21T11:42:28Z">
          <params>
            <param index="0">
              <value>
                <![CDATA[org.softlang.model.Department@2355606d]]>
              </value>
            </param>
          </params>
          <reporter-output>
          </reporter-output>
        </test-method> <!-- test_getManager__0 -->
        <test-method status="PASS" signature="test_getManager__0(org.softlang.model.Department)[pri:0, instance:org.softlang.model.Department_JML_Test@616ac126]" name="test_getManager__0" duration-ms="0" started-at="2012-08-21T11:42:28Z" data-provider="p_instance_only" depends-on-methods="org.softlang.model.Department_JML_Test.test_racEnabled" finished-at="2012-08-21T11:42:28Z">
          <params>
            <param index="0">
              <value>
                <![CDATA[org.softlang.model.Department@afc47ad]]>
              </value>
            </param>
          </params>
          <reporter-output>
          </reporter-output>
        </test-method> <!-- test_getManager__0 -->
        <test-method status="PASS" signature="test_getManager__0(org.softlang.model.Department)[pri:0, instance:org.softlang.model.Department_JML_Test@616ac126]" name="test_getManager__0" duration-ms="1" started-at="2012-08-21T11:42:28Z" data-provider="p_instance_only" depends-on-methods="org.softlang.model.Department_JML_Test.test_racEnabled" finished-at="2012-08-21T11:42:28Z">
          <params>
            <param index="0">
              <value>
                <![CDATA[org.softlang.model.Department@3bcc97a9]]>
              </value>
            </param>
          </params>
          <reporter-output>
          </reporter-output>
        </test-method> <!-- test_getManager__0 -->
        <test-method status="PASS" signature="test_getManager__0(org.softlang.model.Department)[pri:0, instance:org.softlang.model.Department_JML_Test@616ac126]" name="test_getManager__0" duration-ms="0" started-at="2012-08-21T11:42:28Z" data-provider="p_instance_only" depends-on-methods="org.softlang.model.Department_JML_Test.test_racEnabled" finished-at="2012-08-21T11:42:28Z">
          <params>
            <param index="0">
              <value>
                <![CDATA[org.softlang.model.Department@51ab8a5]]>
              </value>
            </param>
          </params>
          <reporter-output>
          </reporter-output>
        </test-method> <!-- test_getManager__0 -->
        <test-method status="PASS" signature="test_getManager__0(org.softlang.model.Department)[pri:0, instance:org.softlang.model.Department_JML_Test@616ac126]" name="test_getManager__0" duration-ms="1" started-at="2012-08-21T11:42:28Z" data-provider="p_instance_only" depends-on-methods="org.softlang.model.Department_JML_Test.test_racEnabled" finished-at="2012-08-21T11:42:28Z">
          <params>
            <param index="0">
              <value>
                <![CDATA[org.softlang.model.Department@80a5b02]]>
              </value>
            </param>
          </params>
          <reporter-output>
          </reporter-output>
        </test-method> <!-- test_getManager__0 -->
        <test-method status="PASS" signature="test_getName__0(org.softlang.model.Department)[pri:0, instance:org.softlang.model.Department_JML_Test@616ac126]" name="test_getName__0" duration-ms="0" started-at="2012-08-21T11:42:28Z" data-provider="p_instance_only" depends-on-methods="org.softlang.model.Department_JML_Test.test_racEnabled" finished-at="2012-08-21T11:42:28Z">
          <params>
            <param index="0">
              <value>
                <![CDATA[org.softlang.model.Department@1f18e146]]>
              </value>
            </param>
          </params>
          <reporter-output>
          </reporter-output>
        </test-method> <!-- test_getName__0 -->
        <test-method status="PASS" signature="test_getName__0(org.softlang.model.Department)[pri:0, instance:org.softlang.model.Department_JML_Test@616ac126]" name="test_getName__0" duration-ms="1" started-at="2012-08-21T11:42:28Z" data-provider="p_instance_only" depends-on-methods="org.softlang.model.Department_JML_Test.test_racEnabled" finished-at="2012-08-21T11:42:28Z">
          <params>
            <param index="0">
              <value>
                <![CDATA[org.softlang.model.Department@1e1116f9]]>
              </value>
            </param>
          </params>
          <reporter-output>
          </reporter-output>
        </test-method> <!-- test_getName__0 -->
        <test-method status="PASS" signature="test_getName__0(org.softlang.model.Department)[pri:0, instance:org.softlang.model.Department_JML_Test@616ac126]" name="test_getName__0" duration-ms="1" started-at="2012-08-21T11:42:28Z" data-provider="p_instance_only" depends-on-methods="org.softlang.model.Department_JML_Test.test_racEnabled" finished-at="2012-08-21T11:42:28Z">
          <params>
            <param index="0">
              <value>
                <![CDATA[org.softlang.model.Department@75657fb2]]>
              </value>
            </param>
          </params>
          <reporter-output>
          </reporter-output>
        </test-method> <!-- test_getName__0 -->
        <test-method status="PASS" signature="test_getName__0(org.softlang.model.Department)[pri:0, instance:org.softlang.model.Department_JML_Test@616ac126]" name="test_getName__0" duration-ms="1" started-at="2012-08-21T11:42:28Z" data-provider="p_instance_only" depends-on-methods="org.softlang.model.Department_JML_Test.test_racEnabled" finished-at="2012-08-21T11:42:28Z">
          <params>
            <param index="0">
              <value>
                <![CDATA[org.softlang.model.Department@71b8b648]]>
              </value>
            </param>
          </params>
          <reporter-output>
          </reporter-output>
        </test-method> <!-- test_getName__0 -->
        <test-method status="PASS" signature="test_getName__0(org.softlang.model.Department)[pri:0, instance:org.softlang.model.Department_JML_Test@616ac126]" name="test_getName__0" duration-ms="0" started-at="2012-08-21T11:42:28Z" data-provider="p_instance_only" depends-on-methods="org.softlang.model.Department_JML_Test.test_racEnabled" finished-at="2012-08-21T11:42:28Z">
          <params>
            <param index="0">
              <value>
                <![CDATA[org.softlang.model.Department@575555bf]]>
              </value>
            </param>
          </params>
          <reporter-output>
          </reporter-output>
        </test-method> <!-- test_getName__0 -->
        <test-method status="PASS" signature="test_getSubdepts__0(org.softlang.model.Department)[pri:0, instance:org.softlang.model.Department_JML_Test@616ac126]" name="test_getSubdepts__0" duration-ms="1" started-at="2012-08-21T11:42:28Z" data-provider="p_instance_only" depends-on-methods="org.softlang.model.Department_JML_Test.test_racEnabled" finished-at="2012-08-21T11:42:28Z">
          <params>
            <param index="0">
              <value>
                <![CDATA[org.softlang.model.Department@35e9d469]]>
              </value>
            </param>
          </params>
          <reporter-output>
          </reporter-output>
        </test-method> <!-- test_getSubdepts__0 -->
        <test-method status="PASS" signature="test_getSubdepts__0(org.softlang.model.Department)[pri:0, instance:org.softlang.model.Department_JML_Test@616ac126]" name="test_getSubdepts__0" duration-ms="0" started-at="2012-08-21T11:42:28Z" data-provider="p_instance_only" depends-on-methods="org.softlang.model.Department_JML_Test.test_racEnabled" finished-at="2012-08-21T11:42:28Z">
          <params>
            <param index="0">
              <value>
                <![CDATA[org.softlang.model.Department@621e3728]]>
              </value>
            </param>
          </params>
          <reporter-output>
          </reporter-output>
        </test-method> <!-- test_getSubdepts__0 -->
        <test-method status="PASS" signature="test_getSubdepts__0(org.softlang.model.Department)[pri:0, instance:org.softlang.model.Department_JML_Test@616ac126]" name="test_getSubdepts__0" duration-ms="1" started-at="2012-08-21T11:42:28Z" data-provider="p_instance_only" depends-on-methods="org.softlang.model.Department_JML_Test.test_racEnabled" finished-at="2012-08-21T11:42:28Z">
          <params>
            <param index="0">
              <value>
                <![CDATA[org.softlang.model.Department@5f48fb3f]]>
              </value>
            </param>
          </params>
          <reporter-output>
          </reporter-output>
        </test-method> <!-- test_getSubdepts__0 -->
        <test-method status="PASS" signature="test_getSubdepts__0(org.softlang.model.Department)[pri:0, instance:org.softlang.model.Department_JML_Test@616ac126]" name="test_getSubdepts__0" duration-ms="1" started-at="2012-08-21T11:42:28Z" data-provider="p_instance_only" depends-on-methods="org.softlang.model.Department_JML_Test.test_racEnabled" finished-at="2012-08-21T11:42:28Z">
          <params>
            <param index="0">
              <value>
                <![CDATA[org.softlang.model.Department@3fd3659b]]>
              </value>
            </param>
          </params>
          <reporter-output>
          </reporter-output>
        </test-method> <!-- test_getSubdepts__0 -->
        <test-method status="PASS" signature="test_getSubdepts__0(org.softlang.model.Department)[pri:0, instance:org.softlang.model.Department_JML_Test@616ac126]" name="test_getSubdepts__0" duration-ms="0" started-at="2012-08-21T11:42:28Z" data-provider="p_instance_only" depends-on-methods="org.softlang.model.Department_JML_Test.test_racEnabled" finished-at="2012-08-21T11:42:28Z">
          <params>
            <param index="0">
              <value>
                <![CDATA[org.softlang.model.Department@22ff0470]]>
              </value>
            </param>
          </params>
          <reporter-output>
          </reporter-output>
        </test-method> <!-- test_getSubdepts__0 -->
        <test-method status="PASS" signature="test_setManager__Employee_pmanager__19(org.softlang.model.Department, org.softlang.model.Employee)[pri:0, instance:org.softlang.model.Department_JML_Test@616ac126]" name="test_setManager__Employee_pmanager__19" duration-ms="1" started-at="2012-08-21T11:42:28Z" data-provider="p_setManager__Employee_pmanager__19" depends-on-methods="org.softlang.model.Department_JML_Test.test_racEnabled" finished-at="2012-08-21T11:42:28Z">
          <params>
            <param index="0">
              <value>
                <![CDATA[org.softlang.model.Department@47a77e1e]]>
              </value>
            </param>
            <param index="1">
              <value is-null="true"/>
            </param>
          </params>
          <reporter-output>
          </reporter-output>
        </test-method> <!-- test_setManager__Employee_pmanager__19 -->
        <test-method status="PASS" signature="test_setManager__Employee_pmanager__19(org.softlang.model.Department, org.softlang.model.Employee)[pri:0, instance:org.softlang.model.Department_JML_Test@616ac126]" name="test_setManager__Employee_pmanager__19" duration-ms="0" started-at="2012-08-21T11:42:28Z" data-provider="p_setManager__Employee_pmanager__19" depends-on-methods="org.softlang.model.Department_JML_Test.test_racEnabled" finished-at="2012-08-21T11:42:28Z">
          <params>
            <param index="0">
              <value>
                <![CDATA[org.softlang.model.Department@3dc16307]]>
              </value>
            </param>
            <param index="1">
              <value is-null="true"/>
            </param>
          </params>
          <reporter-output>
          </reporter-output>
        </test-method> <!-- test_setManager__Employee_pmanager__19 -->
        <test-method status="PASS" signature="test_setManager__Employee_pmanager__19(org.softlang.model.Department, org.softlang.model.Employee)[pri:0, instance:org.softlang.model.Department_JML_Test@616ac126]" name="test_setManager__Employee_pmanager__19" duration-ms="1" started-at="2012-08-21T11:42:28Z" data-provider="p_setManager__Employee_pmanager__19" depends-on-methods="org.softlang.model.Department_JML_Test.test_racEnabled" finished-at="2012-08-21T11:42:28Z">
          <params>
            <param index="0">
              <value>
                <![CDATA[org.softlang.model.Department@337757b9]]>
              </value>
            </param>
            <param index="1">
              <value is-null="true"/>
            </param>
          </params>
          <reporter-output>
          </reporter-output>
        </test-method> <!-- test_setManager__Employee_pmanager__19 -->
        <test-method status="PASS" signature="test_setManager__Employee_pmanager__19(org.softlang.model.Department, org.softlang.model.Employee)[pri:0, instance:org.softlang.model.Department_JML_Test@616ac126]" name="test_setManager__Employee_pmanager__19" duration-ms="0" started-at="2012-08-21T11:42:28Z" data-provider="p_setManager__Employee_pmanager__19" depends-on-methods="org.softlang.model.Department_JML_Test.test_racEnabled" finished-at="2012-08-21T11:42:28Z">
          <params>
            <param index="0">
              <value>
                <![CDATA[org.softlang.model.Department@68a48d59]]>
              </value>
            </param>
            <param index="1">
              <value is-null="true"/>
            </param>
          </params>
          <reporter-output>
          </reporter-output>
        </test-method> <!-- test_setManager__Employee_pmanager__19 -->
        <test-method status="PASS" signature="test_setManager__Employee_pmanager__19(org.softlang.model.Department, org.softlang.model.Employee)[pri:0, instance:org.softlang.model.Department_JML_Test@616ac126]" name="test_setManager__Employee_pmanager__19" duration-ms="1" started-at="2012-08-21T11:42:28Z" data-provider="p_setManager__Employee_pmanager__19" depends-on-methods="org.softlang.model.Department_JML_Test.test_racEnabled" finished-at="2012-08-21T11:42:28Z">
          <params>
            <param index="0">
              <value>
                <![CDATA[org.softlang.model.Department@1118efc0]]>
              </value>
            </param>
            <param index="1">
              <value is-null="true"/>
            </param>
          </params>
          <reporter-output>
          </reporter-output>
        </test-method> <!-- test_setManager__Employee_pmanager__19 -->
        <test-method status="PASS" signature="test_setManager__Employee_pmanager__19(org.softlang.model.Department, org.softlang.model.Employee)[pri:0, instance:org.softlang.model.Department_JML_Test@616ac126]" name="test_setManager__Employee_pmanager__19" duration-ms="1" started-at="2012-08-21T11:42:28Z" data-provider="p_setManager__Employee_pmanager__19" depends-on-methods="org.softlang.model.Department_JML_Test.test_racEnabled" finished-at="2012-08-21T11:42:28Z">
          <params>
            <param index="0">
              <value>
                <![CDATA[org.softlang.model.Department@2b8aef48]]>
              </value>
            </param>
            <param index="1">
              <value>
                <![CDATA[org.softlang.model.Employee@2e63764d]]>
              </value>
            </param>
          </params>
          <reporter-output>
          </reporter-output>
        </test-method> <!-- test_setManager__Employee_pmanager__19 -->
        <test-method status="PASS" signature="test_setManager__Employee_pmanager__19(org.softlang.model.Department, org.softlang.model.Employee)[pri:0, instance:org.softlang.model.Department_JML_Test@616ac126]" name="test_setManager__Employee_pmanager__19" duration-ms="1" started-at="2012-08-21T11:42:28Z" data-provider="p_setManager__Employee_pmanager__19" depends-on-methods="org.softlang.model.Department_JML_Test.test_racEnabled" finished-at="2012-08-21T11:42:28Z">
          <params>
            <param index="0">
              <value>
                <![CDATA[org.softlang.model.Department@6ee7e2ec]]>
              </value>
            </param>
            <param index="1">
              <value>
                <![CDATA[org.softlang.model.Employee@39e32cd6]]>
              </value>
            </param>
          </params>
          <reporter-output>
          </reporter-output>
        </test-method> <!-- test_setManager__Employee_pmanager__19 -->
        <test-method status="PASS" signature="test_setManager__Employee_pmanager__19(org.softlang.model.Department, org.softlang.model.Employee)[pri:0, instance:org.softlang.model.Department_JML_Test@616ac126]" name="test_setManager__Employee_pmanager__19" duration-ms="1" started-at="2012-08-21T11:42:28Z" data-provider="p_setManager__Employee_pmanager__19" depends-on-methods="org.softlang.model.Department_JML_Test.test_racEnabled" finished-at="2012-08-21T11:42:28Z">
          <params>
            <param index="0">
              <value>
                <![CDATA[org.softlang.model.Department@5986f987]]>
              </value>
            </param>
            <param index="1">
              <value>
                <![CDATA[org.softlang.model.Employee@2c683bfc]]>
              </value>
            </param>
          </params>
          <reporter-output>
          </reporter-output>
        </test-method> <!-- test_setManager__Employee_pmanager__19 -->
        <test-method status="PASS" signature="test_setManager__Employee_pmanager__19(org.softlang.model.Department, org.softlang.model.Employee)[pri:0, instance:org.softlang.model.Department_JML_Test@616ac126]" name="test_setManager__Employee_pmanager__19" duration-ms="1" started-at="2012-08-21T11:42:28Z" data-provider="p_setManager__Employee_pmanager__19" depends-on-methods="org.softlang.model.Department_JML_Test.test_racEnabled" finished-at="2012-08-21T11:42:28Z">
          <params>
            <param index="0">
              <value>
                <![CDATA[org.softlang.model.Department@5636ea72]]>
              </value>
            </param>
            <param index="1">
              <value>
                <![CDATA[org.softlang.model.Employee@2f5a0e96]]>
              </value>
            </param>
          </params>
          <reporter-output>
          </reporter-output>
        </test-method> <!-- test_setManager__Employee_pmanager__19 -->
        <test-method status="PASS" signature="test_setManager__Employee_pmanager__19(org.softlang.model.Department, org.softlang.model.Employee)[pri:0, instance:org.softlang.model.Department_JML_Test@616ac126]" name="test_setManager__Employee_pmanager__19" duration-ms="1" started-at="2012-08-21T11:42:28Z" data-provider="p_setManager__Employee_pmanager__19" depends-on-methods="org.softlang.model.Department_JML_Test.test_racEnabled" finished-at="2012-08-21T11:42:28Z">
          <params>
            <param index="0">
              <value>
                <![CDATA[org.softlang.model.Department@12b43967]]>
              </value>
            </param>
            <param index="1">
              <value>
                <![CDATA[org.softlang.model.Employee@7624a2c8]]>
              </value>
            </param>
          </params>
          <reporter-output>
          </reporter-output>
        </test-method> <!-- test_setManager__Employee_pmanager__19 -->
        <test-method status="PASS" signature="test_setName__String_pname__10(org.softlang.model.Department, java.lang.String)[pri:0, instance:org.softlang.model.Department_JML_Test@616ac126]" name="test_setName__String_pname__10" duration-ms="0" started-at="2012-08-21T11:42:28Z" data-provider="p_setName__String_pname__10" depends-on-methods="org.softlang.model.Department_JML_Test.test_racEnabled" finished-at="2012-08-21T11:42:28Z">
          <params>
            <param index="0">
              <value>
                <![CDATA[org.softlang.model.Department@2818de48]]>
              </value>
            </param>
            <param index="1">
              <value is-null="true"/>
            </param>
          </params>
          <reporter-output>
          </reporter-output>
        </test-method> <!-- test_setName__String_pname__10 -->
        <test-method status="PASS" signature="test_setName__String_pname__10(org.softlang.model.Department, java.lang.String)[pri:0, instance:org.softlang.model.Department_JML_Test@616ac126]" name="test_setName__String_pname__10" duration-ms="1" started-at="2012-08-21T11:42:28Z" data-provider="p_setName__String_pname__10" depends-on-methods="org.softlang.model.Department_JML_Test.test_racEnabled" finished-at="2012-08-21T11:42:28Z">
          <params>
            <param index="0">
              <value>
                <![CDATA[org.softlang.model.Department@373bc99b]]>
              </value>
            </param>
            <param index="1">
              <value is-null="true"/>
            </param>
          </params>
          <reporter-output>
          </reporter-output>
        </test-method> <!-- test_setName__String_pname__10 -->
        <test-method status="PASS" signature="test_setName__String_pname__10(org.softlang.model.Department, java.lang.String)[pri:0, instance:org.softlang.model.Department_JML_Test@616ac126]" name="test_setName__String_pname__10" duration-ms="1" started-at="2012-08-21T11:42:28Z" data-provider="p_setName__String_pname__10" depends-on-methods="org.softlang.model.Department_JML_Test.test_racEnabled" finished-at="2012-08-21T11:42:28Z">
          <params>
            <param index="0">
              <value>
                <![CDATA[org.softlang.model.Department@49cbd382]]>
              </value>
            </param>
            <param index="1">
              <value is-null="true"/>
            </param>
          </params>
          <reporter-output>
          </reporter-output>
        </test-method> <!-- test_setName__String_pname__10 -->
        <test-method status="PASS" signature="test_setName__String_pname__10(org.softlang.model.Department, java.lang.String)[pri:0, instance:org.softlang.model.Department_JML_Test@616ac126]" name="test_setName__String_pname__10" duration-ms="1" started-at="2012-08-21T11:42:28Z" data-provider="p_setName__String_pname__10" depends-on-methods="org.softlang.model.Department_JML_Test.test_racEnabled" finished-at="2012-08-21T11:42:28Z">
          <params>
            <param index="0">
              <value>
                <![CDATA[org.softlang.model.Department@1f2e8e93]]>
              </value>
            </param>
            <param index="1">
              <value is-null="true"/>
            </param>
          </params>
          <reporter-output>
          </reporter-output>
        </test-method> <!-- test_setName__String_pname__10 -->
        <test-method status="PASS" signature="test_setName__String_pname__10(org.softlang.model.Department, java.lang.String)[pri:0, instance:org.softlang.model.Department_JML_Test@616ac126]" name="test_setName__String_pname__10" duration-ms="0" started-at="2012-08-21T11:42:28Z" data-provider="p_setName__String_pname__10" depends-on-methods="org.softlang.model.Department_JML_Test.test_racEnabled" finished-at="2012-08-21T11:42:28Z">
          <params>
            <param index="0">
              <value>
                <![CDATA[org.softlang.model.Department@4a1d8867]]>
              </value>
            </param>
            <param index="1">
              <value is-null="true"/>
            </param>
          </params>
          <reporter-output>
          </reporter-output>
        </test-method> <!-- test_setName__String_pname__10 -->
        <test-method status="PASS" signature="test_setName__String_pname__10(org.softlang.model.Department, java.lang.String)[pri:0, instance:org.softlang.model.Department_JML_Test@616ac126]" name="test_setName__String_pname__10" duration-ms="1" started-at="2012-08-21T11:42:28Z" data-provider="p_setName__String_pname__10" depends-on-methods="org.softlang.model.Department_JML_Test.test_racEnabled" finished-at="2012-08-21T11:42:28Z">
          <params>
            <param index="0">
              <value>
                <![CDATA[org.softlang.model.Department@768e7b84]]>
              </value>
            </param>
            <param index="1">
              <value>
                <![CDATA[]]>
              </value>
            </param>
          </params>
          <reporter-output>
          </reporter-output>
        </test-method> <!-- test_setName__String_pname__10 -->
        <test-method status="PASS" signature="test_setName__String_pname__10(org.softlang.model.Department, java.lang.String)[pri:0, instance:org.softlang.model.Department_JML_Test@616ac126]" name="test_setName__String_pname__10" duration-ms="1" started-at="2012-08-21T11:42:28Z" data-provider="p_setName__String_pname__10" depends-on-methods="org.softlang.model.Department_JML_Test.test_racEnabled" finished-at="2012-08-21T11:42:28Z">
          <params>
            <param index="0">
              <value>
                <![CDATA[org.softlang.model.Department@740e6b82]]>
              </value>
            </param>
            <param index="1">
              <value>
                <![CDATA[]]>
              </value>
            </param>
          </params>
          <reporter-output>
          </reporter-output>
        </test-method> <!-- test_setName__String_pname__10 -->
        <test-method status="PASS" signature="test_setName__String_pname__10(org.softlang.model.Department, java.lang.String)[pri:0, instance:org.softlang.model.Department_JML_Test@616ac126]" name="test_setName__String_pname__10" duration-ms="1" started-at="2012-08-21T11:42:28Z" data-provider="p_setName__String_pname__10" depends-on-methods="org.softlang.model.Department_JML_Test.test_racEnabled" finished-at="2012-08-21T11:42:28Z">
          <params>
            <param index="0">
              <value>
                <![CDATA[org.softlang.model.Department@13deb45f]]>
              </value>
            </param>
            <param index="1">
              <value>
                <![CDATA[]]>
              </value>
            </param>
          </params>
          <reporter-output>
          </reporter-output>
        </test-method> <!-- test_setName__String_pname__10 -->
        <test-method status="PASS" signature="test_setName__String_pname__10(org.softlang.model.Department, java.lang.String)[pri:0, instance:org.softlang.model.Department_JML_Test@616ac126]" name="test_setName__String_pname__10" duration-ms="0" started-at="2012-08-21T11:42:28Z" data-provider="p_setName__String_pname__10" depends-on-methods="org.softlang.model.Department_JML_Test.test_racEnabled" finished-at="2012-08-21T11:42:28Z">
          <params>
            <param index="0">
              <value>
                <![CDATA[org.softlang.model.Department@638c6b76]]>
              </value>
            </param>
            <param index="1">
              <value>
                <![CDATA[]]>
              </value>
            </param>
          </params>
          <reporter-output>
          </reporter-output>
        </test-method> <!-- test_setName__String_pname__10 -->
        <test-method status="PASS" signature="test_setName__String_pname__10(org.softlang.model.Department, java.lang.String)[pri:0, instance:org.softlang.model.Department_JML_Test@616ac126]" name="test_setName__String_pname__10" duration-ms="0" started-at="2012-08-21T11:42:28Z" data-provider="p_setName__String_pname__10" depends-on-methods="org.softlang.model.Department_JML_Test.test_racEnabled" finished-at="2012-08-21T11:42:28Z">
          <params>
            <param index="0">
              <value>
                <![CDATA[org.softlang.model.Department@4946101f]]>
              </value>
            </param>
            <param index="1">
              <value>
                <![CDATA[]]>
              </value>
            </param>
          </params>
          <reporter-output>
          </reporter-output>
        </test-method> <!-- test_setName__String_pname__10 -->
        <test-method status="PASS" signature="test_total__0(org.softlang.model.Department)[pri:0, instance:org.softlang.model.Department_JML_Test@616ac126]" name="test_total__0" duration-ms="1" started-at="2012-08-21T11:42:28Z" data-provider="p_instance_only" depends-on-methods="org.softlang.model.Department_JML_Test.test_racEnabled" finished-at="2012-08-21T11:42:28Z">
          <params>
            <param index="0">
              <value>
                <![CDATA[org.softlang.model.Department@4e299813]]>
              </value>
            </param>
          </params>
          <reporter-output>
          </reporter-output>
        </test-method> <!-- test_total__0 -->
        <test-method status="FAIL" signature="test_total__0(org.softlang.model.Department)[pri:0, instance:org.softlang.model.Department_JML_Test@616ac126]" name="test_total__0" duration-ms="1" started-at="2012-08-21T11:42:28Z" data-provider="p_instance_only" depends-on-methods="org.softlang.model.Department_JML_Test.test_racEnabled" finished-at="2012-08-21T11:42:28Z">
          <params>
            <param index="0">
              <value>
                <![CDATA[org.softlang.model.Department@5bc67c6d]]>
              </value>
            </param>
          </params>
          <exception class="org.testng.TestException">
            <message>
              <![CDATA[
null]]>
            </message>
            <full-stacktrace>
              <![CDATA[org.testng.TestException: 
null
	at org.softlang.model.Department_JML_Test.test_total__0(Department_JML_Test.java:456)
	at sun.reflect.NativeMethodAccessorImpl.invoke0(Native Method)
	at sun.reflect.NativeMethodAccessorImpl.invoke(NativeMethodAccessorImpl.java:57)
	at sun.reflect.DelegatingMethodAccessorImpl.invoke(DelegatingMethodAccessorImpl.java:43)
	at java.lang.reflect.Method.invoke(Method.java:601)
	at org.testng.internal.MethodInvocationHelper.invokeMethod(MethodInvocationHelper.java:80)
	at org.testng.internal.Invoker.invokeMethod(Invoker.java:715)
	at org.testng.internal.Invoker.invokeTestMethod(Invoker.java:907)
	at org.testng.internal.Invoker.invokeTestMethods(Invoker.java:1237)
	at org.testng.internal.TestMethodWorker.invokeTestMethods(TestMethodWorker.java:127)
	at org.testng.internal.TestMethodWorker.run(TestMethodWorker.java:111)
	at org.testng.TestRunner.privateRun(TestRunner.java:767)
	at org.testng.TestRunner.run(TestRunner.java:617)
	at org.testng.SuiteRunner.runTest(SuiteRunner.java:334)
	at org.testng.SuiteRunner.runSequentially(SuiteRunner.java:329)
	at org.testng.SuiteRunner.privateRun(SuiteRunner.java:291)
	at org.testng.SuiteRunner.run(SuiteRunner.java:240)
	at org.testng.SuiteRunnerWorker.runSuite(SuiteRunnerWorker.java:51)
	at org.testng.SuiteRunnerWorker.run(SuiteRunnerWorker.java:85)
	at org.testng.TestNG.runSuitesSequentially(TestNG.java:1197)
	at org.testng.TestNG.runSuitesLocally(TestNG.java:1122)
	at org.testng.TestNG.run(TestNG.java:1030)
	at org.testng.TestNG.privateMain(TestNG.java:1337)
	at org.testng.TestNG.main(TestNG.java:1306)
]]>
            </full-stacktrace>
          </exception> <!-- org.testng.TestException -->
          <reporter-output>
          </reporter-output>
        </test-method> <!-- test_total__0 -->
        <test-method status="FAIL" signature="test_total__0(org.softlang.model.Department)[pri:0, instance:org.softlang.model.Department_JML_Test@616ac126]" name="test_total__0" duration-ms="1" started-at="2012-08-21T11:42:28Z" data-provider="p_instance_only" depends-on-methods="org.softlang.model.Department_JML_Test.test_racEnabled" finished-at="2012-08-21T11:42:28Z">
          <params>
            <param index="0">
              <value>
                <![CDATA[org.softlang.model.Department@3e1c436b]]>
              </value>
            </param>
          </params>
          <exception class="org.testng.TestException">
            <message>
              <![CDATA[
null]]>
            </message>
            <full-stacktrace>
              <![CDATA[org.testng.TestException: 
null
	at org.softlang.model.Department_JML_Test.test_total__0(Department_JML_Test.java:456)
	at sun.reflect.NativeMethodAccessorImpl.invoke0(Native Method)
	at sun.reflect.NativeMethodAccessorImpl.invoke(NativeMethodAccessorImpl.java:57)
	at sun.reflect.DelegatingMethodAccessorImpl.invoke(DelegatingMethodAccessorImpl.java:43)
	at java.lang.reflect.Method.invoke(Method.java:601)
	at org.testng.internal.MethodInvocationHelper.invokeMethod(MethodInvocationHelper.java:80)
	at org.testng.internal.Invoker.invokeMethod(Invoker.java:715)
	at org.testng.internal.Invoker.invokeTestMethod(Invoker.java:907)
	at org.testng.internal.Invoker.invokeTestMethods(Invoker.java:1237)
	at org.testng.internal.TestMethodWorker.invokeTestMethods(TestMethodWorker.java:127)
	at org.testng.internal.TestMethodWorker.run(TestMethodWorker.java:111)
	at org.testng.TestRunner.privateRun(TestRunner.java:767)
	at org.testng.TestRunner.run(TestRunner.java:617)
	at org.testng.SuiteRunner.runTest(SuiteRunner.java:334)
	at org.testng.SuiteRunner.runSequentially(SuiteRunner.java:329)
	at org.testng.SuiteRunner.privateRun(SuiteRunner.java:291)
	at org.testng.SuiteRunner.run(SuiteRunner.java:240)
	at org.testng.SuiteRunnerWorker.runSuite(SuiteRunnerWorker.java:51)
	at org.testng.SuiteRunnerWorker.run(SuiteRunnerWorker.java:85)
	at org.testng.TestNG.runSuitesSequentially(TestNG.java:1197)
	at org.testng.TestNG.runSuitesLocally(TestNG.java:1122)
	at org.testng.TestNG.run(TestNG.java:1030)
	at org.testng.TestNG.privateMain(TestNG.java:1337)
	at org.testng.TestNG.main(TestNG.java:1306)
]]>
            </full-stacktrace>
          </exception> <!-- org.testng.TestException -->
          <reporter-output>
          </reporter-output>
        </test-method> <!-- test_total__0 -->
        <test-method status="PASS" signature="test_total__0(org.softlang.model.Department)[pri:0, instance:org.softlang.model.Department_JML_Test@616ac126]" name="test_total__0" duration-ms="1" started-at="2012-08-21T11:42:28Z" data-provider="p_instance_only" depends-on-methods="org.softlang.model.Department_JML_Test.test_racEnabled" finished-at="2012-08-21T11:42:28Z">
          <params>
            <param index="0">
              <value>
                <![CDATA[org.softlang.model.Department@23ac5c8b]]>
              </value>
            </param>
          </params>
          <reporter-output>
          </reporter-output>
        </test-method> <!-- test_total__0 -->
        <test-method status="PASS" signature="test_total__0(org.softlang.model.Department)[pri:0, instance:org.softlang.model.Department_JML_Test@616ac126]" name="test_total__0" duration-ms="1" started-at="2012-08-21T11:42:28Z" data-provider="p_instance_only" depends-on-methods="org.softlang.model.Department_JML_Test.test_racEnabled" finished-at="2012-08-21T11:42:28Z">
          <params>
            <param index="0">
              <value>
                <![CDATA[org.softlang.model.Department@331ddd04]]>
              </value>
            </param>
          </params>
          <reporter-output>
          </reporter-output>
        </test-method> <!-- test_total__0 -->
      </class> <!-- org.softlang.model.Department_JML_Test -->
      <class name="org.softlang.model.Company_JML_Test">
        <test-method status="PASS" signature="test_racEnabled()[pri:0, instance:org.softlang.model.Company_JML_Test@47d6d441]" name="test_racEnabled" duration-ms="54" started-at="2012-08-21T11:42:28Z" finished-at="2012-08-21T11:42:28Z">
          <reporter-output>
          </reporter-output>
        </test-method> <!-- test_racEnabled -->
        <test-method status="PASS" signature="test_Company__0()[pri:0, instance:org.softlang.model.Company_JML_Test@47d6d441]" name="test_Company__0" duration-ms="2" started-at="2012-08-21T11:42:28Z" depends-on-methods="org.softlang.model.Company_JML_Test.test_racEnabled" finished-at="2012-08-21T11:42:28Z">
          <reporter-output>
          </reporter-output>
        </test-method> <!-- test_Company__0 -->
        <test-method status="PASS" signature="test_Company__String_pname__10(java.lang.String)[pri:0, instance:org.softlang.model.Company_JML_Test@47d6d441]" name="test_Company__String_pname__10" duration-ms="1" started-at="2012-08-21T11:42:28Z" data-provider="p_Company__String_pname__10" depends-on-methods="org.softlang.model.Company_JML_Test.test_racEnabled" finished-at="2012-08-21T11:42:28Z">
          <params>
            <param index="0">
              <value is-null="true"/>
            </param>
          </params>
          <reporter-output>
          </reporter-output>
        </test-method> <!-- test_Company__String_pname__10 -->
        <test-method status="PASS" signature="test_Company__String_pname__10(java.lang.String)[pri:0, instance:org.softlang.model.Company_JML_Test@47d6d441]" name="test_Company__String_pname__10" duration-ms="1" started-at="2012-08-21T11:42:28Z" data-provider="p_Company__String_pname__10" depends-on-methods="org.softlang.model.Company_JML_Test.test_racEnabled" finished-at="2012-08-21T11:42:28Z">
          <params>
            <param index="0">
              <value>
                <![CDATA[]]>
              </value>
            </param>
          </params>
          <reporter-output>
          </reporter-output>
        </test-method> <!-- test_Company__String_pname__10 -->
        <test-method status="PASS" signature="test_addDepartment__Department_department__19(org.softlang.model.Company, org.softlang.model.Department)[pri:0, instance:org.softlang.model.Company_JML_Test@47d6d441]" name="test_addDepartment__Department_department__19" duration-ms="1" started-at="2012-08-21T11:42:28Z" data-provider="p_addDepartment__Department_department__19" depends-on-methods="org.softlang.model.Company_JML_Test.test_racEnabled" finished-at="2012-08-21T11:42:28Z">
          <params>
            <param index="0">
              <value>
                <![CDATA[org.softlang.model.Company@42ac76c0]]>
              </value>
            </param>
            <param index="1">
              <value is-null="true"/>
            </param>
          </params>
          <reporter-output>
          </reporter-output>
        </test-method> <!-- test_addDepartment__Department_department__19 -->
        <test-method status="PASS" signature="test_addDepartment__Department_department__19(org.softlang.model.Company, org.softlang.model.Department)[pri:0, instance:org.softlang.model.Company_JML_Test@47d6d441]" name="test_addDepartment__Department_department__19" duration-ms="1" started-at="2012-08-21T11:42:28Z" data-provider="p_addDepartment__Department_department__19" depends-on-methods="org.softlang.model.Company_JML_Test.test_racEnabled" finished-at="2012-08-21T11:42:28Z">
          <params>
            <param index="0">
              <value>
                <![CDATA[org.softlang.model.Company@248870a2]]>
              </value>
            </param>
            <param index="1">
              <value>
                <![CDATA[org.softlang.model.Department@799aae6a]]>
              </value>
            </param>
          </params>
          <reporter-output>
          </reporter-output>
        </test-method> <!-- test_addDepartment__Department_department__19 -->
        <test-method status="PASS" signature="test_cut__0(org.softlang.model.Company)[pri:0, instance:org.softlang.model.Company_JML_Test@47d6d441]" name="test_cut__0" duration-ms="1" started-at="2012-08-21T11:42:28Z" data-provider="p_instance_only" depends-on-methods="org.softlang.model.Company_JML_Test.test_racEnabled" finished-at="2012-08-21T11:42:28Z">
          <params>
            <param index="0">
              <value>
                <![CDATA[org.softlang.model.Company@4045acb5]]>
              </value>
            </param>
          </params>
          <reporter-output>
          </reporter-output>
        </test-method> <!-- test_cut__0 -->
        <test-method status="PASS" signature="test_getDepts__0(org.softlang.model.Company)[pri:0, instance:org.softlang.model.Company_JML_Test@47d6d441]" name="test_getDepts__0" duration-ms="1" started-at="2012-08-21T11:42:28Z" data-provider="p_instance_only" depends-on-methods="org.softlang.model.Company_JML_Test.test_racEnabled" finished-at="2012-08-21T11:42:28Z">
          <params>
            <param index="0">
              <value>
                <![CDATA[org.softlang.model.Company@27ae011]]>
              </value>
            </param>
          </params>
          <reporter-output>
          </reporter-output>
        </test-method> <!-- test_getDepts__0 -->
        <test-method status="PASS" signature="test_getName__0(org.softlang.model.Company)[pri:0, instance:org.softlang.model.Company_JML_Test@47d6d441]" name="test_getName__0" duration-ms="1" started-at="2012-08-21T11:42:28Z" data-provider="p_instance_only" depends-on-methods="org.softlang.model.Company_JML_Test.test_racEnabled" finished-at="2012-08-21T11:42:28Z">
          <params>
            <param index="0">
              <value>
                <![CDATA[org.softlang.model.Company@afa4c96]]>
              </value>
            </param>
          </params>
          <reporter-output>
          </reporter-output>
        </test-method> <!-- test_getName__0 -->
        <test-method status="PASS" signature="test_setName__String_pname__10(org.softlang.model.Company, java.lang.String)[pri:0, instance:org.softlang.model.Company_JML_Test@47d6d441]" name="test_setName__String_pname__10" duration-ms="1" started-at="2012-08-21T11:42:28Z" data-provider="p_setName__String_pname__10" depends-on-methods="org.softlang.model.Company_JML_Test.test_racEnabled" finished-at="2012-08-21T11:42:28Z">
          <params>
            <param index="0">
              <value>
                <![CDATA[org.softlang.model.Company@1252d43]]>
              </value>
            </param>
            <param index="1">
              <value is-null="true"/>
            </param>
          </params>
          <reporter-output>
          </reporter-output>
        </test-method> <!-- test_setName__String_pname__10 -->
        <test-method status="PASS" signature="test_setName__String_pname__10(org.softlang.model.Company, java.lang.String)[pri:0, instance:org.softlang.model.Company_JML_Test@47d6d441]" name="test_setName__String_pname__10" duration-ms="1" started-at="2012-08-21T11:42:28Z" data-provider="p_setName__String_pname__10" depends-on-methods="org.softlang.model.Company_JML_Test.test_racEnabled" finished-at="2012-08-21T11:42:28Z">
          <params>
            <param index="0">
              <value>
                <![CDATA[org.softlang.model.Company@6695a6a]]>
              </value>
            </param>
            <param index="1">
              <value>
                <![CDATA[]]>
              </value>
            </param>
          </params>
          <reporter-output>
          </reporter-output>
        </test-method> <!-- test_setName__String_pname__10 -->
        <test-method status="PASS" signature="test_total__0(org.softlang.model.Company)[pri:0, instance:org.softlang.model.Company_JML_Test@47d6d441]" name="test_total__0" duration-ms="1" started-at="2012-08-21T11:42:28Z" data-provider="p_instance_only" depends-on-methods="org.softlang.model.Company_JML_Test.test_racEnabled" finished-at="2012-08-21T11:42:28Z">
          <params>
            <param index="0">
              <value>
                <![CDATA[org.softlang.model.Company@1d1e082e]]>
              </value>
            </param>
          </params>
          <reporter-output>
          </reporter-output>
        </test-method> <!-- test_total__0 -->
      </class> <!-- org.softlang.model.Company_JML_Test -->
      <class name="org.softlang.model.Employee_JML_Test">
        <test-method status="PASS" signature="test_racEnabled()[pri:0, instance:org.softlang.model.Employee_JML_Test@1e52e26f]" name="test_racEnabled" duration-ms="10" started-at="2012-08-21T11:42:28Z" finished-at="2012-08-21T11:42:28Z">
          <reporter-output>
          </reporter-output>
        </test-method> <!-- test_racEnabled -->
        <test-method status="PASS" signature="test_Employee__0()[pri:0, instance:org.softlang.model.Employee_JML_Test@1e52e26f]" name="test_Employee__0" duration-ms="0" started-at="2012-08-21T11:42:28Z" depends-on-methods="org.softlang.model.Employee_JML_Test.test_racEnabled" finished-at="2012-08-21T11:42:28Z">
          <reporter-output>
          </reporter-output>
        </test-method> <!-- test_Employee__0 -->
        <test-method status="PASS" signature="test_Employee__String_pname__String_paddress__double_psalary__20(java.lang.String, java.lang.String, double)[pri:0, instance:org.softlang.model.Employee_JML_Test@1e52e26f]" name="test_Employee__String_pname__String_paddress__double_psalary__20" duration-ms="1" started-at="2012-08-21T11:42:28Z" data-provider="p_Employee__String_pname__String_paddress__double_psalary__20" depends-on-methods="org.softlang.model.Employee_JML_Test.test_racEnabled" finished-at="2012-08-21T11:42:28Z">
          <params>
            <param index="0">
              <value is-null="true"/>
            </param>
            <param index="1">
              <value is-null="true"/>
            </param>
            <param index="2">
              <value>
                <![CDATA[-Infinity]]>
              </value>
            </param>
          </params>
          <reporter-output>
          </reporter-output>
        </test-method> <!-- test_Employee__String_pname__String_paddress__double_psalary__20 -->
[...]
            <param index="0">
              <value>
                <![CDATA[org.softlang.model.Employee@15b57613]]>
              </value>
            </param>
            <param index="1">
              <value>
                <![CDATA[0.0]]>
              </value>
            </param>
          </params>
          <reporter-output>
          </reporter-output>
        </test-method> <!-- test_setSalary__double_psalary__0 -->
        <test-method status="PASS" signature="test_setSalary__double_psalary__0(org.softlang.model.Employee, double)[pri:0, instance:org.softlang.model.Employee_JML_Test@1e52e26f]" name="test_setSalary__double_psalary__0" duration-ms="0" started-at="2012-08-21T11:42:29Z" data-provider="p_setSalary__double_psalary__0" depends-on-methods="org.softlang.model.Employee_JML_Test.test_racEnabled" finished-at="2012-08-21T11:42:29Z">
          <params>
            <param index="0">
              <value>
                <![CDATA[org.softlang.model.Employee@73517a05]]>
              </value>
            </param>
            <param index="1">
              <value>
                <![CDATA[0.0]]>
              </value>
            </param>
          </params>
          <reporter-output>
          </reporter-output>
        </test-method> <!-- test_setSalary__double_psalary__0 -->
        <test-method status="PASS" signature="test_setSalary__double_psalary__0(org.softlang.model.Employee, double)[pri:0, instance:org.softlang.model.Employee_JML_Test@1e52e26f]" name="test_setSalary__double_psalary__0" duration-ms="0" started-at="2012-08-21T11:42:29Z" data-provider="p_setSalary__double_psalary__0" depends-on-methods="org.softlang.model.Employee_JML_Test.test_racEnabled" finished-at="2012-08-21T11:42:29Z">
          <params>
            <param index="0">
              <value>
                <![CDATA[org.softlang.model.Employee@64b23147]]>
              </value>
            </param>
            <param index="1">
              <value>
                <![CDATA[0.0]]>
              </value>
            </param>
          </params>
          <reporter-output>
          </reporter-output>
        </test-method> <!-- test_setSalary__double_psalary__0 -->
        <test-method status="PASS" signature="test_setSalary__double_psalary__0(org.softlang.model.Employee, double)[pri:0, instance:org.softlang.model.Employee_JML_Test@1e52e26f]" name="test_setSalary__double_psalary__0" duration-ms="0" started-at="2012-08-21T11:42:29Z" data-provider="p_setSalary__double_psalary__0" depends-on-methods="org.softlang.model.Employee_JML_Test.test_racEnabled" finished-at="2012-08-21T11:42:29Z">
          <params>
            <param index="0">
              <value>
                <![CDATA[org.softlang.model.Employee@59834848]]>
              </value>
            </param>
            <param index="1">
              <value>
                <![CDATA[0.0]]>
              </value>
            </param>
          </params>
          <reporter-output>
          </reporter-output>
        </test-method> <!-- test_setSalary__double_psalary__0 -->
        <test-method status="PASS" signature="test_setSalary__double_psalary__0(org.softlang.model.Employee, double)[pri:0, instance:org.softlang.model.Employee_JML_Test@1e52e26f]" name="test_setSalary__double_psalary__0" duration-ms="0" started-at="2012-08-21T11:42:29Z" data-provider="p_setSalary__double_psalary__0" depends-on-methods="org.softlang.model.Employee_JML_Test.test_racEnabled" finished-at="2012-08-21T11:42:29Z">
          <params>
            <param index="0">
              <value>
                <![CDATA[org.softlang.model.Employee@7aed9585]]>
              </value>
            </param>
            <param index="1">
              <value>
                <![CDATA[0.0]]>
              </value>
            </param>
          </params>
          <reporter-output>
          </reporter-output>
        </test-method> <!-- test_setSalary__double_psalary__0 -->
        <test-method status="PASS" signature="test_setSalary__double_psalary__0(org.softlang.model.Employee, double)[pri:0, instance:org.softlang.model.Employee_JML_Test@1e52e26f]" name="test_setSalary__double_psalary__0" duration-ms="1" started-at="2012-08-21T11:42:29Z" data-provider="p_setSalary__double_psalary__0" depends-on-methods="org.softlang.model.Employee_JML_Test.test_racEnabled" finished-at="2012-08-21T11:42:29Z">
          <params>
            <param index="0">
              <value>
                <![CDATA[org.softlang.model.Employee@6ae354b6]]>
              </value>
            </param>
            <param index="1">
              <value>
                <![CDATA[0.0]]>
              </value>
            </param>
          </params>
          <reporter-output>
          </reporter-output>
        </test-method> <!-- test_setSalary__double_psalary__0 -->
        <test-method status="PASS" signature="test_setSalary__double_psalary__0(org.softlang.model.Employee, double)[pri:0, instance:org.softlang.model.Employee_JML_Test@1e52e26f]" name="test_setSalary__double_psalary__0" duration-ms="1" started-at="2012-08-21T11:42:29Z" data-provider="p_setSalary__double_psalary__0" depends-on-methods="org.softlang.model.Employee_JML_Test.test_racEnabled" finished-at="2012-08-21T11:42:29Z">
          <params>
            <param index="0">
              <value>
                <![CDATA[org.softlang.model.Employee@5f674b36]]>
              </value>
            </param>
            <param index="1">
              <value>
                <![CDATA[0.0]]>
              </value>
            </param>
          </params>
          <reporter-output>
          </reporter-output>
        </test-method> <!-- test_setSalary__double_psalary__0 -->
        <test-method status="PASS" signature="test_setSalary__double_psalary__0(org.softlang.model.Employee, double)[pri:0, instance:org.softlang.model.Employee_JML_Test@1e52e26f]" name="test_setSalary__double_psalary__0" duration-ms="1" started-at="2012-08-21T11:42:29Z" data-provider="p_setSalary__double_psalary__0" depends-on-methods="org.softlang.model.Employee_JML_Test.test_racEnabled" finished-at="2012-08-21T11:42:29Z">
          <params>
            <param index="0">
              <value>
                <![CDATA[org.softlang.model.Employee@2f89fdd]]>
              </value>
            </param>
            <param index="1">
              <value>
                <![CDATA[0.0]]>
              </value>
            </param>
          </params>
          <reporter-output>
          </reporter-output>
        </test-method> <!-- test_setSalary__double_psalary__0 -->
        <test-method status="PASS" signature="test_setSalary__double_psalary__0(org.softlang.model.Employee, double)[pri:0, instance:org.softlang.model.Employee_JML_Test@1e52e26f]" name="test_setSalary__double_psalary__0" duration-ms="1" started-at="2012-08-21T11:42:29Z" data-provider="p_setSalary__double_psalary__0" depends-on-methods="org.softlang.model.Employee_JML_Test.test_racEnabled" finished-at="2012-08-21T11:42:29Z">
          <params>
            <param index="0">
              <value>
                <![CDATA[org.softlang.model.Employee@13689e12]]>
              </value>
            </param>
            <param index="1">
              <value>
                <![CDATA[0.0]]>
              </value>
            </param>
          </params>
          <reporter-output>
          </reporter-output>
        </test-method> <!-- test_setSalary__double_psalary__0 -->
        <test-method status="PASS" signature="test_setSalary__double_psalary__0(org.softlang.model.Employee, double)[pri:0, instance:org.softlang.model.Employee_JML_Test@1e52e26f]" name="test_setSalary__double_psalary__0" duration-ms="28" started-at="2012-08-21T11:42:29Z" data-provider="p_setSalary__double_psalary__0" depends-on-methods="org.softlang.model.Employee_JML_Test.test_racEnabled" finished-at="2012-08-21T11:42:29Z">
          <params>
            <param index="0">
              <value>
                <![CDATA[org.softlang.model.Employee@3ee6728c]]>
              </value>
            </param>
            <param index="1">
              <value>
                <![CDATA[0.0]]>
              </value>
            </param>
          </params>
          <reporter-output>
          </reporter-output>
        </test-method> <!-- test_setSalary__double_psalary__0 -->
        <test-method status="PASS" signature="test_setSalary__double_psalary__0(org.softlang.model.Employee, double)[pri:0, instance:org.softlang.model.Employee_JML_Test@1e52e26f]" name="test_setSalary__double_psalary__0" duration-ms="1" started-at="2012-08-21T11:42:29Z" data-provider="p_setSalary__double_psalary__0" depends-on-methods="org.softlang.model.Employee_JML_Test.test_racEnabled" finished-at="2012-08-21T11:42:29Z">
          <params>
            <param index="0">
              <value>
                <![CDATA[org.softlang.model.Employee@7633a25b]]>
              </value>
            </param>
            <param index="1">
              <value>
                <![CDATA[Infinity]]>
              </value>
            </param>
          </params>
          <reporter-output>
          </reporter-output>
        </test-method> <!-- test_setSalary__double_psalary__0 -->
        <test-method status="PASS" signature="test_setSalary__double_psalary__0(org.softlang.model.Employee, double)[pri:0, instance:org.softlang.model.Employee_JML_Test@1e52e26f]" name="test_setSalary__double_psalary__0" duration-ms="1" started-at="2012-08-21T11:42:29Z" data-provider="p_setSalary__double_psalary__0" depends-on-methods="org.softlang.model.Employee_JML_Test.test_racEnabled" finished-at="2012-08-21T11:42:29Z">
          <params>
            <param index="0">
              <value>
                <![CDATA[org.softlang.model.Employee@7102beb7]]>
              </value>
            </param>
            <param index="1">
              <value>
                <![CDATA[Infinity]]>
              </value>
            </param>
          </params>
          <reporter-output>
          </reporter-output>
        </test-method> <!-- test_setSalary__double_psalary__0 -->
        <test-method status="PASS" signature="test_setSalary__double_psalary__0(org.softlang.model.Employee, double)[pri:0, instance:org.softlang.model.Employee_JML_Test@1e52e26f]" name="test_setSalary__double_psalary__0" duration-ms="1" started-at="2012-08-21T11:42:29Z" data-provider="p_setSalary__double_psalary__0" depends-on-methods="org.softlang.model.Employee_JML_Test.test_racEnabled" finished-at="2012-08-21T11:42:29Z">
          <params>
            <param index="0">
              <value>
                <![CDATA[org.softlang.model.Employee@6ea27cbe]]>
              </value>
            </param>
            <param index="1">
              <value>
                <![CDATA[Infinity]]>
              </value>
            </param>
          </params>
          <reporter-output>
          </reporter-output>
        </test-method> <!-- test_setSalary__double_psalary__0 -->
        <test-method status="PASS" signature="test_setSalary__double_psalary__0(org.softlang.model.Employee, double)[pri:0, instance:org.softlang.model.Employee_JML_Test@1e52e26f]" name="test_setSalary__double_psalary__0" duration-ms="1" started-at="2012-08-21T11:42:29Z" data-provider="p_setSalary__double_psalary__0" depends-on-methods="org.softlang.model.Employee_JML_Test.test_racEnabled" finished-at="2012-08-21T11:42:29Z">
          <params>
            <param index="0">
              <value>
                <![CDATA[org.softlang.model.Employee@2c9bf510]]>
              </value>
            </param>
            <param index="1">
              <value>
                <![CDATA[Infinity]]>
              </value>
            </param>
          </params>
          <reporter-output>
          </reporter-output>
        </test-method> <!-- test_setSalary__double_psalary__0 -->
        <test-method status="PASS" signature="test_setSalary__double_psalary__0(org.softlang.model.Employee, double)[pri:0, instance:org.softlang.model.Employee_JML_Test@1e52e26f]" name="test_setSalary__double_psalary__0" duration-ms="1" started-at="2012-08-21T11:42:29Z" data-provider="p_setSalary__double_psalary__0" depends-on-methods="org.softlang.model.Employee_JML_Test.test_racEnabled" finished-at="2012-08-21T11:42:29Z">
          <params>
            <param index="0">
              <value>
                <![CDATA[org.softlang.model.Employee@35957bfa]]>
              </value>
            </param>
            <param index="1">
              <value>
                <![CDATA[Infinity]]>
              </value>
            </param>
          </params>
          <reporter-output>
          </reporter-output>
        </test-method> <!-- test_setSalary__double_psalary__0 -->
        <test-method status="PASS" signature="test_setSalary__double_psalary__0(org.softlang.model.Employee, double)[pri:0, instance:org.softlang.model.Employee_JML_Test@1e52e26f]" name="test_setSalary__double_psalary__0" duration-ms="0" started-at="2012-08-21T11:42:29Z" data-provider="p_setSalary__double_psalary__0" depends-on-methods="org.softlang.model.Employee_JML_Test.test_racEnabled" finished-at="2012-08-21T11:42:29Z">
          <params>
            <param index="0">
              <value>
                <![CDATA[org.softlang.model.Employee@19d8b871]]>
              </value>
            </param>
            <param index="1">
              <value>
                <![CDATA[Infinity]]>
              </value>
            </param>
          </params>
          <reporter-output>
          </reporter-output>
        </test-method> <!-- test_setSalary__double_psalary__0 -->
        <test-method status="PASS" signature="test_setSalary__double_psalary__0(org.softlang.model.Employee, double)[pri:0, instance:org.softlang.model.Employee_JML_Test@1e52e26f]" name="test_setSalary__double_psalary__0" duration-ms="0" started-at="2012-08-21T11:42:29Z" data-provider="p_setSalary__double_psalary__0" depends-on-methods="org.softlang.model.Employee_JML_Test.test_racEnabled" finished-at="2012-08-21T11:42:29Z">
          <params>
            <param index="0">
              <value>
                <![CDATA[org.softlang.model.Employee@30ab95aa]]>
              </value>
            </param>
            <param index="1">
              <value>
                <![CDATA[Infinity]]>
              </value>
            </param>
          </params>
          <reporter-output>
          </reporter-output>
        </test-method> <!-- test_setSalary__double_psalary__0 -->
        <test-method status="PASS" signature="test_setSalary__double_psalary__0(org.softlang.model.Employee, double)[pri:0, instance:org.softlang.model.Employee_JML_Test@1e52e26f]" name="test_setSalary__double_psalary__0" duration-ms="0" started-at="2012-08-21T11:42:29Z" data-provider="p_setSalary__double_psalary__0" depends-on-methods="org.softlang.model.Employee_JML_Test.test_racEnabled" finished-at="2012-08-21T11:42:29Z">
          <params>
            <param index="0">
              <value>
                <![CDATA[org.softlang.model.Employee@73f35106]]>
              </value>
            </param>
            <param index="1">
              <value>
                <![CDATA[Infinity]]>
              </value>
            </param>
          </params>
          <reporter-output>
          </reporter-output>
        </test-method> <!-- test_setSalary__double_psalary__0 -->
        <test-method status="PASS" signature="test_setSalary__double_psalary__0(org.softlang.model.Employee, double)[pri:0, instance:org.softlang.model.Employee_JML_Test@1e52e26f]" name="test_setSalary__double_psalary__0" duration-ms="0" started-at="2012-08-21T11:42:29Z" data-provider="p_setSalary__double_psalary__0" depends-on-methods="org.softlang.model.Employee_JML_Test.test_racEnabled" finished-at="2012-08-21T11:42:29Z">
          <params>
            <param index="0">
              <value>
                <![CDATA[org.softlang.model.Employee@72af1cf6]]>
              </value>
            </param>
            <param index="1">
              <value>
                <![CDATA[Infinity]]>
              </value>
            </param>
          </params>
          <reporter-output>
          </reporter-output>
        </test-method> <!-- test_setSalary__double_psalary__0 -->
        <test-method status="PASS" signature="test_setSalary__double_psalary__0(org.softlang.model.Employee, double)[pri:0, instance:org.softlang.model.Employee_JML_Test@1e52e26f]" name="test_setSalary__double_psalary__0" duration-ms="0" started-at="2012-08-21T11:42:29Z" data-provider="p_setSalary__double_psalary__0" depends-on-methods="org.softlang.model.Employee_JML_Test.test_racEnabled" finished-at="2012-08-21T11:42:29Z">
          <params>
            <param index="0">
              <value>
                <![CDATA[org.softlang.model.Employee@4823d4c8]]>
              </value>
            </param>
            <param index="1">
              <value>
                <![CDATA[Infinity]]>
              </value>
            </param>
          </params>
          <reporter-output>
          </reporter-output>
        </test-method> <!-- test_setSalary__double_psalary__0 -->
        <test-method status="PASS" signature="test_setSalary__double_psalary__0(org.softlang.model.Employee, double)[pri:0, instance:org.softlang.model.Employee_JML_Test@1e52e26f]" name="test_setSalary__double_psalary__0" duration-ms="0" started-at="2012-08-21T11:42:29Z" data-provider="p_setSalary__double_psalary__0" depends-on-methods="org.softlang.model.Employee_JML_Test.test_racEnabled" finished-at="2012-08-21T11:42:29Z">
          <params>
            <param index="0">
              <value>
                <![CDATA[org.softlang.model.Employee@709dd800]]>
              </value>
            </param>
            <param index="1">
              <value>
                <![CDATA[Infinity]]>
              </value>
            </param>
          </params>
          <reporter-output>
          </reporter-output>
        </test-method> <!-- test_setSalary__double_psalary__0 -->
        <test-method status="PASS" signature="test_setSalary__double_psalary__0(org.softlang.model.Employee, double)[pri:0, instance:org.softlang.model.Employee_JML_Test@1e52e26f]" name="test_setSalary__double_psalary__0" duration-ms="0" started-at="2012-08-21T11:42:29Z" data-provider="p_setSalary__double_psalary__0" depends-on-methods="org.softlang.model.Employee_JML_Test.test_racEnabled" finished-at="2012-08-21T11:42:29Z">
          <params>
            <param index="0">
              <value>
                <![CDATA[org.softlang.model.Employee@66588ec0]]>
              </value>
            </param>
            <param index="1">
              <value>
                <![CDATA[Infinity]]>
              </value>
            </param>
          </params>
          <reporter-output>
          </reporter-output>
        </test-method> <!-- test_setSalary__double_psalary__0 -->
        <test-method status="PASS" signature="test_setSalary__double_psalary__0(org.softlang.model.Employee, double)[pri:0, instance:org.softlang.model.Employee_JML_Test@1e52e26f]" name="test_setSalary__double_psalary__0" duration-ms="1" started-at="2012-08-21T11:42:29Z" data-provider="p_setSalary__double_psalary__0" depends-on-methods="org.softlang.model.Employee_JML_Test.test_racEnabled" finished-at="2012-08-21T11:42:29Z">
          <params>
            <param index="0">
              <value>
                <![CDATA[org.softlang.model.Employee@4bac3fc7]]>
              </value>
            </param>
            <param index="1">
              <value>
                <![CDATA[Infinity]]>
              </value>
            </param>
          </params>
          <reporter-output>
          </reporter-output>
        </test-method> <!-- test_setSalary__double_psalary__0 -->
      </class> <!-- org.softlang.model.Employee_JML_Test -->
    </test> <!-- Ant test -->
  </suite> <!-- Ant suite -->
</testng-results>
